<?xml version="1.0" encoding="UTF-8"?>
<!-- Generated by org.testng.reporters.JUnitReportReporter -->
<testsuite hostname="PTB" failures="0" tests="1" name="bms_TestScripts.TC_Plays_002_Test" time="57.703" errors="0" timestamp="2021-11-17T14:38:06 IST" skipped="0">
  <testcase classname="bms_TestScripts.TC_Plays_002_Test" name="bookusingcatagoryfilter" time="57.703"/>
  <system-out/>
</testsuite> <!-- bms_TestScripts.TC_Plays_002_Test -->
