<?xml version="1.0" encoding="UTF-8"?>
<!-- Generated by org.testng.reporters.JUnitReportReporter -->
<testsuite hostname="PTB" failures="0" tests="1" name="bms_TestScripts.TC_Plays_004_Test" time="88.865" errors="0" timestamp="2021-11-17T15:04:00 IST" skipped="0">
  <testcase classname="bms_TestScripts.TC_Plays_004_Test" name="bookusingbrowsebyvenuefilter" time="88.865"/>
  <system-out/>
</testsuite> <!-- bms_TestScripts.TC_Plays_004_Test -->
